<?xml version="1.0" encoding="UTF-8" ?>
<testsuite tests="16" failures="0" name="com.mycompany.atividadeteste4.CreditoTest" time="0.001" errors="0" skipped="0">
  <properties>
    <property name="java.runtime.name" value="OpenJDK Runtime Environment"/>
    <property name="java.vm.version" value="11.0.9.1+1-Ubuntu-0ubuntu1.20.04"/>
    <property name="sun.boot.library.path" value="/usr/lib/jvm/java-11-openjdk-amd64/lib"/>
    <property name="maven.multiModuleProjectDirectory" value="/home/jujuneos/NetBeansProjects/atividadeteste4"/>
    <property name="java.vm.vendor" value="Ubuntu"/>
    <property name="java.vendor.url" value="https://ubuntu.com/"/>
    <property name="guice.disable.misplaced.annotation.check" value="true"/>
    <property name="path.separator" value=":"/>
    <property name="java.vm.name" value="OpenJDK 64-Bit Server VM"/>
    <property name="sun.os.patch.level" value="unknown"/>
    <property name="user.country" value="BR"/>
    <property name="sun.java.launcher" value="SUN_STANDARD"/>
    <property name="java.vm.specification.name" value="Java Virtual Machine Specification"/>
    <property name="user.dir" value="/home/jujuneos/NetBeansProjects/atividadeteste4"/>
    <property name="java.vm.compressedOopsMode" value="32-bit"/>
    <property name="java.runtime.version" value="11.0.9.1+1-Ubuntu-0ubuntu1.20.04"/>
    <property name="java.awt.graphicsenv" value="sun.awt.X11GraphicsEnvironment"/>
    <property name="os.arch" value="amd64"/>
    <property name="java.io.tmpdir" value="/tmp"/>
    <property name="line.separator" value="
"/>
    <property name="java.vm.specification.vendor" value="Oracle Corporation"/>
    <property name="os.name" value="Linux"/>
    <property name="maven.ext.class.path" value="/snap/netbeans/35/netbeans/java/maven-nblib/netbeans-eventspy.jar"/>
    <property name="classworlds.conf" value="/snap/netbeans/35/netbeans/java/maven/bin/m2.conf"/>
    <property name="sun.jnu.encoding" value="UTF-8"/>
    <property name="java.library.path" value="/usr/java/packages/lib:/usr/lib/x86_64-linux-gnu/jni:/lib/x86_64-linux-gnu:/usr/lib/x86_64-linux-gnu:/usr/lib/jni:/lib:/usr/lib"/>
    <property name="maven.conf" value="/snap/netbeans/35/netbeans/java/maven/conf"/>
    <property name="jdk.debug" value="release"/>
    <property name="java.class.version" value="55.0"/>
    <property name="java.specification.name" value="Java Platform API Specification"/>
    <property name="sun.management.compiler" value="HotSpot 64-Bit Tiered Compilers"/>
    <property name="os.version" value="5.4.0-54-generic"/>
    <property name="library.jansi.path" value="/snap/netbeans/35/netbeans/java/maven/lib/jansi-native"/>
    <property name="user.home" value="/home/jujuneos"/>
    <property name="user.timezone" value="America/Maceio"/>
    <property name="java.awt.printerjob" value="sun.print.PSPrinterJob"/>
    <property name="file.encoding" value="UTF-8"/>
    <property name="java.specification.version" value="11"/>
    <property name="user.name" value="jujuneos"/>
    <property name="java.class.path" value="/snap/netbeans/35/netbeans/java/maven/boot/plexus-classworlds-2.6.0.jar"/>
    <property name="java.vm.specification.version" value="11"/>
    <property name="sun.arch.data.model" value="64"/>
    <property name="sun.java.command" value="org.codehaus.plexus.classworlds.launcher.Launcher -Dmaven.ext.class.path=/snap/netbeans/35/netbeans/java/maven-nblib/netbeans-eventspy.jar test"/>
    <property name="java.home" value="/usr/lib/jvm/java-11-openjdk-amd64"/>
    <property name="user.language" value="pt"/>
    <property name="java.specification.vendor" value="Oracle Corporation"/>
    <property name="awt.toolkit" value="sun.awt.X11.XToolkit"/>
    <property name="java.vm.info" value="mixed mode, sharing"/>
    <property name="java.version" value="11.0.9.1"/>
    <property name="securerandom.source" value="file:/dev/./urandom"/>
    <property name="java.vendor" value="Ubuntu"/>
    <property name="maven.home" value="/snap/netbeans/35/netbeans/java/maven"/>
    <property name="file.separator" value="/"/>
    <property name="java.version.date" value="2020-11-04"/>
    <property name="java.vendor.url.bug" value="https://bugs.launchpad.net/ubuntu/+source/openjdk-lts"/>
    <property name="sun.io.unicode.encoding" value="UnicodeLittle"/>
    <property name="sun.cpu.endian" value="little"/>
    <property name="sun.desktop" value="gnome"/>
    <property name="sun.cpu.isalist" value=""/>
  </properties>
  <testcase classname="com.mycompany.atividadeteste4.CreditoTest" name="com.mycompany.atividadeteste4.CreditoTest.testConcedeCredito1" time="0.001"/>
  <testcase classname="com.mycompany.atividadeteste4.CreditoTest" name="com.mycompany.atividadeteste4.CreditoTest.testConcedeCredito2" time="0"/>
  <testcase classname="com.mycompany.atividadeteste4.CreditoTest" name="com.mycompany.atividadeteste4.CreditoTest.testConcedeCredito3" time="0"/>
  <testcase classname="com.mycompany.atividadeteste4.CreditoTest" name="com.mycompany.atividadeteste4.CreditoTest.testConcedeCredito4" time="0"/>
  <testcase classname="com.mycompany.atividadeteste4.CreditoTest" name="com.mycompany.atividadeteste4.CreditoTest.testConcedeCredito5" time="0"/>
  <testcase classname="com.mycompany.atividadeteste4.CreditoTest" name="com.mycompany.atividadeteste4.CreditoTest.testConcedeCredito6" time="0"/>
  <testcase classname="com.mycompany.atividadeteste4.CreditoTest" name="com.mycompany.atividadeteste4.CreditoTest.testConcedeCredito7" time="0"/>
  <testcase classname="com.mycompany.atividadeteste4.CreditoTest" name="com.mycompany.atividadeteste4.CreditoTest.testConcedeCredito8" time="0"/>
  <testcase classname="com.mycompany.atividadeteste4.CreditoTest" name="com.mycompany.atividadeteste4.CreditoTest.testDefinirCredito1" time="0"/>
  <testcase classname="com.mycompany.atividadeteste4.CreditoTest" name="com.mycompany.atividadeteste4.CreditoTest.testDefinirCredito2" time="0"/>
  <testcase classname="com.mycompany.atividadeteste4.CreditoTest" name="com.mycompany.atividadeteste4.CreditoTest.testDefinirCredito3" time="0"/>
  <testcase classname="com.mycompany.atividadeteste4.CreditoTest" name="com.mycompany.atividadeteste4.CreditoTest.testDefinirCredito4" time="0"/>
  <testcase classname="com.mycompany.atividadeteste4.CreditoTest" name="com.mycompany.atividadeteste4.CreditoTest.testDefinirCredito5" time="0"/>
  <testcase classname="com.mycompany.atividadeteste4.CreditoTest" name="com.mycompany.atividadeteste4.CreditoTest.testDefinirCredito6" time="0"/>
  <testcase classname="com.mycompany.atividadeteste4.CreditoTest" name="com.mycompany.atividadeteste4.CreditoTest.testDefinirCredito7" time="0"/>
  <testcase classname="com.mycompany.atividadeteste4.CreditoTest" name="com.mycompany.atividadeteste4.CreditoTest.testDefinirCredito8" time="0"/>
</testsuite>